[debug] [2017-11-11T06:31:05.571Z] ----------------------------------------------------------------------
[debug] [2017-11-11T06:31:05.573Z] Command:       /usr/local/Cellar/node/8.9.1/bin/node /usr/local/bin/firebase use --add
[debug] [2017-11-11T06:31:05.573Z] CLI Version:   3.15.0
[debug] [2017-11-11T06:31:05.573Z] Platform:      darwin
[debug] [2017-11-11T06:31:05.573Z] Node Version:  v8.9.1
[debug] [2017-11-11T06:31:05.574Z] Time:          Sat Nov 11 2017 12:01:05 GMT+0530 (IST)
[debug] [2017-11-11T06:31:05.574Z] ----------------------------------------------------------------------
[debug] 
[debug] [2017-11-11T06:31:05.583Z] > command requires scopes: ["email","openid","https://www.googleapis.com/auth/cloudplatformprojects.readonly","https://www.googleapis.com/auth/firebase"]
[debug] [2017-11-11T06:31:05.583Z] > authorizing via signed-in user
[debug] [2017-11-11T06:31:05.585Z] >>> HTTP REQUEST GET https://admin.firebase.com/v1/projects  
 Sat Nov 11 2017 12:01:05 GMT+0530 (IST)
[debug] [2017-11-11T06:31:08.028Z] <<< HTTP RESPONSE 200
[debug] [2017-11-11T06:31:20.750Z] TypeError: Cannot read property 'short' of undefined
    at Prompt.render (/usr/local/lib/node_modules/firebase-tools/node_modules/inquirer/lib/prompts/list.js:94:69)
    at Prompt.onSubmit (/usr/local/lib/node_modules/firebase-tools/node_modules/inquirer/lib/prompts/list.js:116:8)
    at AnonymousObserver.Rx.AnonymousObserver.AnonymousObserver.next (/usr/local/lib/node_modules/firebase-tools/node_modules/rx-lite/rx.lite.js:1535:12)
    at AnonymousObserver.Rx.internals.AbstractObserver.AbstractObserver.onNext (/usr/local/lib/node_modules/firebase-tools/node_modules/rx-lite/rx.lite.js:1469:31)
    at AnonymousObserver.tryCatcher (/usr/local/lib/node_modules/firebase-tools/node_modules/rx-lite/rx.lite.js:63:31)
    at AutoDetachObserverPrototype.next (/usr/local/lib/node_modules/firebase-tools/node_modules/rx-lite/rx.lite.js:5782:51)
    at AutoDetachObserver.Rx.internals.AbstractObserver.AbstractObserver.onNext (/usr/local/lib/node_modules/firebase-tools/node_modules/rx-lite/rx.lite.js:1469:31)
    at AnonymousObserver._onNext (/usr/local/lib/node_modules/firebase-tools/node_modules/rx-lite/rx.lite.js:4234:13)
    at AnonymousObserver.Rx.AnonymousObserver.AnonymousObserver.next (/usr/local/lib/node_modules/firebase-tools/node_modules/rx-lite/rx.lite.js:1535:12)
    at AnonymousObserver.Rx.internals.AbstractObserver.AbstractObserver.onNext (/usr/local/lib/node_modules/firebase-tools/node_modules/rx-lite/rx.lite.js:1469:31)
[error] 
[error] Error: An unexpected error has occurred.
